<?xml version="1.0" encoding="UTF-8"?>
<!-- Generated by org.testng.reporters.JUnitReportReporter -->
<testsuite hostname="Harsh-PC" name="api.test.Tc2MimeTypeJson" tests="1" failures="0" timestamp="26 Feb 2017 12:18:36 GMT" time="0.276" errors="0">
  <testcase name="testJsonApi" time="0.276" classname="api.test.Tc2MimeTypeJson"/>
</testsuite> <!-- api.test.Tc2MimeTypeJson -->
