<?xml version="1.0" encoding="UTF-8"?>
<!-- Generated by org.testng.reporters.JUnitReportReporter -->
<testsuite hostname="Harsh-PC" name="api.test.Tc1MimeTypeXml" tests="1" failures="0" timestamp="26 Feb 2017 12:18:36 GMT" time="0.494" errors="0">
  <testcase name="testXmlApi" time="0.494" classname="api.test.Tc1MimeTypeXml"/>
</testsuite> <!-- api.test.Tc1MimeTypeXml -->
